<?xml version="1.0" encoding="UTF-8"?>
<testsuite xmlns:xsi="http://www.w3.org/2001/XMLSchema-instance" xsi:noNamespaceSchemaLocation="https://maven.apache.org/surefire/maven-surefire-plugin/xsd/surefire-test-report-3.0.xsd" version="3.0" name="PracticeProblemTest" time="0.123" tests="8" errors="0" skipped="0" failures="0">
  <properties>
[...]
</properties>
  <testcase name="towerOfHanoiTest1" classname="PracticeProblemTest" time="0.052"/>
  <testcase name="towerOfHanoiTest2" classname="PracticeProblemTest" time="0.002"/>
  <testcase name="towerOfHanoiTest3" classname="PracticeProblemTest" time="0.005"/>
  <testcase name="towerOfHanoiTest4" classname="PracticeProblemTest" time="0"/>
  <testcase name="towerOfHanoiTest5" classname="PracticeProblemTest" time="0.003"/>
  <testcase name="towerOfHanoiTest6" classname="PracticeProblemTest" time="0.006"/>
  <testcase name="towerOfHanoiTest7" classname="PracticeProblemTest" time="0.001"/>
  <testcase name="towerOfHanoiTest8" classname="PracticeProblemTest" time="0.002"/>
</testsuite>